info @storybook/react v6.4.13
info 
info => Cleaning outputDir: C:\\Users\\BOJAN~1.JOV\\AppData\\Local\\Temp\\2\\chromatic--19440-60eMxbgFhZ0L
info => Loading presets
info => Compiling preview..
info => Using implicit CSS loaders
info => Using default Webpack5 setup
<s> [webpack.Progress] 0% 

<s> [webpack.Progress] 1% setup initialize
<s> [webpack.Progress] 1% setup initialize HtmlWebpackPlugin
<s> [webpack.Progress] 1% setup initialize
<s> [webpack.Progress] 2% setup before run
<s> [webpack.Progress] 2% setup before run NodeEnvironmentPlugin
<s> [webpack.Progress] 2% setup before run
<s> [webpack.Progress] 3% setup run
<s> [webpack.Progress] 3% setup run
<s> [webpack.Progress] 4% setup normal module factory
<s> [webpack.Progress] 4% setup normal module factory CaseSensitivePathsPlugin
<s> [webpack.Progress] 4% setup normal module factory
<s> [webpack.Progress] 5% setup context module factory
<s> [webpack.Progress] 5% setup context module factory
<s> [webpack.Progress] 6% setup before compile
<s> [webpack.Progress] 6% setup before compile ProgressPlugin
<s> [webpack.Progress] 6% setup before compile
<s> [webpack.Progress] 7% setup compile
<s> [webpack.Progress] 7% setup compile ExternalsPlugin
<s> [webpack.Progress] 7% setup compile
<s> [webpack.Progress] 8% setup compilation
<s> [webpack.Progress] 8% setup compilation ArrayPushCallbackChunkFormatPlugin
<s> [webpack.Progress] 8% setup compilation JsonpChunkLoadingPlugin
<s> [webpack.Progress] 8% setup compilation StartupChunkDependenciesPlugin
<s> [webpack.Progress] 8% setup compilation ImportScriptsChunkLoadingPlugin
<s> [webpack.Progress] 8% setup compilation FetchCompileWasmPlugin
<s> [webpack.Progress] 8% setup compilation FetchCompileAsyncWasmPlugin
<s> [webpack.Progress] 8% setup compilation WorkerPlugin
<s> [webpack.Progress] 8% setup compilation SplitChunksPlugin
<s> [webpack.Progress] 8% setup compilation RuntimeChunkPlugin
<s> [webpack.Progress] 8% setup compilation ResolverCachePlugin
<s> [webpack.Progress] 8% setup compilation HtmlWebpackPlugin
<s> [webpack.Progress] 8% setup compilation
<s> [webpack.Progress] 9% setup compilation
<s> [webpack.Progress] 9% setup compilation DefinePlugin
<s> [webpack.Progress] 9% setup compilation ProvidePlugin
<s> [webpack.Progress] 9% setup compilation ProgressPlugin
<s> [webpack.Progress] 9% setup compilation DocGenPlugin
<s> [webpack.Progress] 9% setup compilation ChunkPrefetchPreloadPlugin
<s> [webpack.Progress] 9% setup compilation SourceMapDevToolPlugin
<s> [webpack.Progress] 9% setup compilation JavascriptModulesPlugin
<s> [webpack.Progress] 9% setup compilation JsonModulesPlugin
<s> [webpack.Progress] 9% setup compilation AssetModulesPlugin
<s> [webpack.Progress] 9% setup compilation EntryPlugin
<s> [webpack.Progress] 9% setup compilation EntryPlugin
<s> [webpack.Progress] 9% setup compilation EntryPlugin
<s> [webpack.Progress] 9% setup compilation EntryPlugin
<s> [webpack.Progress] 9% setup compilation EntryPlugin
<s> [webpack.Progress] 9% setup compilation EntryPlugin
<s> [webpack.Progress] 9% setup compilation EntryPlugin
<s> [webpack.Progress] 9% setup compilation EntryPlugin
<s> [webpack.Progress] 9% setup compilation EntryPlugin
<s> [webpack.Progress] 9% setup compilation EntryPlugin
<s> [webpack.Progress] 9% setup compilation EntryPlugin
<s> [webpack.Progress] 9% setup compilation EntryPlugin
<s> [webpack.Progress] 9% setup compilation EntryPlugin
<s> [webpack.Progress] 9% setup compilation EntryPlugin
<s> [webpack.Progress] 9% setup compilation EntryPlugin
<s> [webpack.Progress] 9% setup compilation RuntimePlugin
<s> [webpack.Progress] 9% setup compilation InferAsyncModulesPlugin
<s> [webpack.Progress] 9% setup compilation DataUriPlugin
<s> [webpack.Progress] 9% setup compilation FileUriPlugin
<s> [webpack.Progress] 9% setup compilation CompatibilityPlugin
<s> [webpack.Progress] 9% setup compilation HarmonyModulesPlugin
<s> [webpack.Progress] 9% setup compilation AMDPlugin
<s> [webpack.Progress] 9% setup compilation RequireJsStuffPlugin
<s> [webpack.Progress] 9% setup compilation CommonJsPlugin
<s> [webpack.Progress] 9% setup compilation LoaderPlugin
<s> [webpack.Progress] 9% setup compilation LoaderPlugin
<s> [webpack.Progress] 9% setup compilation NodeStuffPlugin
<s> [webpack.Progress] 9% setup compilation APIPlugin
<s> [webpack.Progress] 9% setup compilation ExportsInfoApiPlugin
<s> [webpack.Progress] 9% setup compilation WebpackIsIncludedPlugin
<s> [webpack.Progress] 9% setup compilation ConstPlugin
<s> [webpack.Progress] 9% setup compilation UseStrictPlugin
<s> [webpack.Progress] 9% setup compilation RequireIncludePlugin
<s> [webpack.Progress] 9% setup compilation RequireEnsurePlugin
<s> [webpack.Progress] 9% setup compilation RequireContextPlugin
<s> [webpack.Progress] 9% setup compilation ImportPlugin
<s> [webpack.Progress] 9% setup compilation SystemPlugin
<s> [webpack.Progress] 9% setup compilation ImportMetaPlugin
<s> [webpack.Progress] 9% setup compilation URLPlugin
<s> [webpack.Progress] 9% setup compilation DefaultStatsFactoryPlugin
<s> [webpack.Progress] 9% setup compilation DefaultStatsPresetPlugin
<s> [webpack.Progress] 9% setup compilation DefaultStatsPrinterPlugin
<s> [webpack.Progress] 9% setup compilation JavascriptMetaInfoPlugin
<s> [webpack.Progress] 9% setup compilation EnsureChunkConditionsPlugin
<s> [webpack.Progress] 9% setup compilation RemoveEmptyChunksPlugin
<s> [webpack.Progress] 9% setup compilation MergeDuplicateChunksPlugin
<s> [webpack.Progress] 9% setup compilation FlagIncludedChunksPlugin
<s> [webpack.Progress] 9% setup compilation SideEffectsFlagPlugin
<s> [webpack.Progress] 9% setup compilation FlagDependencyExportsPlugin
<s> [webpack.Progress] 9% setup compilation FlagDependencyUsagePlugin
<s> [webpack.Progress] 9% setup compilation InnerGraphPlugin
<s> [webpack.Progress] 9% setup compilation MangleExportsPlugin
<s> [webpack.Progress] 9% setup compilation ModuleConcatenationPlugin
<s> [webpack.Progress] 9% setup compilation NoEmitOnErrorsPlugin
<s> [webpack.Progress] 9% setup compilation RealContentHashPlugin
<s> [webpack.Progress] 9% setup compilation WasmFinalizeExportsPlugin
<s> [webpack.Progress] 9% setup compilation NamedModuleIdsPlugin
<s> [webpack.Progress] 9% setup compilation DeterministicChunkIdsPlugin
<s> [webpack.Progress] 9% setup compilation DefinePlugin
<s> [webpack.Progress] 9% setup compilation TerserPlugin
<s> [webpack.Progress] 9% setup compilation TemplatedPathPlugin
<s> [webpack.Progress] 9% setup compilation RecordIdsPlugin
<s> [webpack.Progress] 9% setup compilation WarnCaseSensitiveModulesPlugin
<s> [webpack.Progress] 9% setup compilation IgnoreWarningsPlugin
<s> [webpack.Progress] 9% setup compilation
<s> [webpack.Progress] 10% building
<s> [webpack.Progress] 10% building 0/1 entries 0/0 dependencies 0/0 modules
<s> [webpack.Progress] 10% building import loader ./node_modules/babel-loader/lib/index.js
<s> [webpack.Progress] 10% building 0/15 entries 3/15 dependencies 0/3 modules
<s> [webpack.Progress] 10% building 0/15 entries 4/15 dependencies 0/3 modules
<s> [webpack.Progress] 10% building 0/15 entries 39/91 dependencies 1/36 modules
<s> [webpack.Progress] 13% building 1/15 entries 409/504 dependencies 7/187 modules
<s> [webpack.Progress] 99% cache begin idle
<s> [webpack.Progress] 99% cache begin idle
<s> [webpack.Progress] 100% 

ERR! => Failed to build the preview
ERR! Module not found: Error: Can't resolve './stories' in 'C:\Users\bojan.jovanovic\Desktop\React\minesweeper\src'
<s> [webpack.Progress] 99% cache shutdown
<s> [webpack.Progress] 99% cache shutdown
<s> [webpack.Progress] 100% 

<s> [webpack.Progress] 17% building 2/15 entries 409/504 dependencies 19/187 modules
<s> [webpack.Progress] 21% building 3/15 entries 424/504 dependencies 20/187 modules
<s> [webpack.Progress] 24% building 4/15 entries 425/504 dependencies 52/187 modules
<s> [webpack.Progress] 28% building 5/15 entries 425/504 dependencies 54/187 modules
<s> [webpack.Progress] 32% building 6/15 entries 425/504 dependencies 55/187 modules
<s> [webpack.Progress] 35% building 7/15 entries 425/504 dependencies 56/187 modules
<s> [webpack.Progress] 39% building 8/15 entries 425/504 dependencies 60/187 modules
<s> [webpack.Progress] 43% building 9/15 entries 425/504 dependencies 61/187 modules
<s> [webpack.Progress] 46% building 10/15 entries 425/504 dependencies 62/187 modules
<s> [webpack.Progress] 50% building 11/15 entries 425/504 dependencies 63/187 modules
<s> [webpack.Progress] 54% building 12/15 entries 425/504 dependencies 64/187 modules
<s> [webpack.Progress] 56% building 13/15 entries 425/504 dependencies 65/187 modules
ERR! ModuleNotFoundError: Module not found: Error: Can't resolve './stories' in 'C:\Users\bojan.jovanovic\Desktop\React\minesweeper\src'
ERR!     at C:\Users\bojan.jovanovic\Desktop\React\minesweeper\src\node_modules\@storybook\builder-webpack5\node_modules\webpack\lib\Compilation.js:2011:28
ERR!     at C:\Users\bojan.jovanovic\Desktop\React\minesweeper\src\node_modules\@storybook\builder-webpack5\node_modules\webpack\lib\ContextModuleFactory.js:210:15
ERR!     at C:\Users\bojan.jovanovic\Desktop\React\minesweeper\src\node_modules\neo-async\async.js:2830:7
ERR!     at C:\Users\bojan.jovanovic\Desktop\React\minesweeper\src\node_modules\neo-async\async.js:6877:13
ERR!     at C:\Users\bojan.jovanovic\Desktop\React\minesweeper\src\node_modules\@storybook\builder-webpack5\node_modules\webpack\lib\ContextModuleFactory.js:180:26
ERR!     at finishWithoutResolve (C:\Users\bojan.jovanovic\Desktop\React\minesweeper\src\node_modules\@storybook\builder-webpack5\node_modules\enhanced-resolve\lib\Resolver.js:296:11)
ERR!     at C:\Users\bojan.jovanovic\Desktop\React\minesweeper\src\node_modules\@storybook\builder-webpack5\node_modules\enhanced-resolve\lib\Resolver.js:362:15
ERR!     at C:\Users\bojan.jovanovic\Desktop\React\minesweeper\src\node_modules\@storybook\builder-webpack5\node_modules\enhanced-resolve\lib\Resolver.js:410:5
ERR!     at eval (eval at create (C:\Users\bojan.jovanovic\Desktop\React\minesweeper\src\node_modules\@storybook\builder-webpack5\node_modules\tapable\lib\HookCodeFactory.js:33:10), <anonymous>:15:1)
ERR!     at C:\Users\bojan.jovanovic\Desktop\React\minesweeper\src\node_modules\@storybook\builder-webpack5\node_modules\enhanced-resolve\lib\Resolver.js:410:5
ERR!     at eval (eval at create (C:\Users\bojan.jovanovic\Desktop\React\minesweeper\src\node_modules\@storybook\builder-webpack5\node_modules\tapable\lib\HookCodeFactory.js:33:10), <anonymous>:27:1)
ERR!     at C:\Users\bojan.jovanovic\Desktop\React\minesweeper\src\node_modules\@storybook\builder-webpack5\node_modules\enhanced-resolve\lib\DescriptionFilePlugin.js:87:43
ERR!     at C:\Users\bojan.jovanovic\Desktop\React\minesweeper\src\node_modules\@storybook\builder-webpack5\node_modules\enhanced-resolve\lib\Resolver.js:410:5
ERR!     at eval (eval at create (C:\Users\bojan.jovanovic\Desktop\React\minesweeper\src\node_modules\@storybook\builder-webpack5\node_modules\tapable\lib\HookCodeFactory.js:33:10), <anonymous>:16:1)
ERR!     at C:\Users\bojan.jovanovic\Desktop\React\minesweeper\src\node_modules\@storybook\builder-webpack5\node_modules\enhanced-resolve\lib\forEachBail.js:16:12
ERR!     at C:\Users\bojan.jovanovic\Desktop\React\minesweeper\src\node_modules\@storybook\builder-webpack5\node_modules\enhanced-resolve\lib\AliasPlugin.js:103:14
ERR!  ModuleNotFoundError: Module not found: Error: Can't resolve './stories' in 'C:\Users\bojan.jovanovic\Desktop\React\minesweeper\src'
ERR!     at C:\Users\bojan.jovanovic\Desktop\React\minesweeper\src\node_modules\@storybook\builder-webpack5\node_modules\webpack\lib\Compilation.js:2011:28
ERR!     at C:\Users\bojan.jovanovic\Desktop\React\minesweeper\src\node_modules\@storybook\builder-webpack5\node_modules\webpack\lib\ContextModuleFactory.js:210:15
ERR!     at C:\Users\bojan.jovanovic\Desktop\React\minesweeper\src\node_modules\neo-async\async.js:2830:7
ERR!     at C:\Users\bojan.jovanovic\Desktop\React\minesweeper\src\node_modules\neo-async\async.js:6877:13
ERR!     at C:\Users\bojan.jovanovic\Desktop\React\minesweeper\src\node_modules\@storybook\builder-webpack5\node_modules\webpack\lib\ContextModuleFactory.js:180:26
ERR!     at finishWithoutResolve (C:\Users\bojan.jovanovic\Desktop\React\minesweeper\src\node_modules\@storybook\builder-webpack5\node_modules\enhanced-resolve\lib\Resolver.js:296:11)
ERR!     at C:\Users\bojan.jovanovic\Desktop\React\minesweeper\src\node_modules\@storybook\builder-webpack5\node_modules\enhanced-resolve\lib\Resolver.js:362:15
ERR!     at C:\Users\bojan.jovanovic\Desktop\React\minesweeper\src\node_modules\@storybook\builder-webpack5\node_modules\enhanced-resolve\lib\Resolver.js:410:5
ERR!     at eval (eval at create (C:\Users\bojan.jovanovic\Desktop\React\minesweeper\src\node_modules\@storybook\builder-webpack5\node_modules\tapable\lib\HookCodeFactory.js:33:10), <anonymous>:15:1)
ERR!     at C:\Users\bojan.jovanovic\Desktop\React\minesweeper\src\node_modules\@storybook\builder-webpack5\node_modules\enhanced-resolve\lib\Resolver.js:410:5
ERR!     at eval (eval at create (C:\Users\bojan.jovanovic\Desktop\React\minesweeper\src\node_modules\@storybook\builder-webpack5\node_modules\tapable\lib\HookCodeFactory.js:33:10), <anonymous>:27:1)
ERR!     at C:\Users\bojan.jovanovic\Desktop\React\minesweeper\src\node_modules\@storybook\builder-webpack5\node_modules\enhanced-resolve\lib\DescriptionFilePlugin.js:87:43
ERR!     at C:\Users\bojan.jovanovic\Desktop\React\minesweeper\src\node_modules\@storybook\builder-webpack5\node_modules\enhanced-resolve\lib\Resolver.js:410:5
ERR!     at eval (eval at create (C:\Users\bojan.jovanovic\Desktop\React\minesweeper\src\node_modules\@storybook\builder-webpack5\node_modules\tapable\lib\HookCodeFactory.js:33:10), <anonymous>:16:1)
ERR!     at C:\Users\bojan.jovanovic\Desktop\React\minesweeper\src\node_modules\@storybook\builder-webpack5\node_modules\enhanced-resolve\lib\forEachBail.js:16:12
ERR!     at C:\Users\bojan.jovanovic\Desktop\React\minesweeper\src\node_modules\@storybook\builder-webpack5\node_modules\enhanced-resolve\lib\AliasPlugin.js:103:14
ERR! resolve './stories' in 'C:\Users\bojan.jovanovic\Desktop\React\minesweeper\src'
ERR!   using description file: C:\Users\bojan.jovanovic\Desktop\React\minesweeper\src\package.json (relative path: .)
ERR!     Field 'browser' doesn't contain a valid alias configuration
ERR!     using description file: C:\Users\bojan.jovanovic\Desktop\React\minesweeper\src\package.json (relative path: ./stories)
ERR!       C:\Users\bojan.jovanovic\Desktop\React\minesweeper\src\stories doesn't exist
